"""
Expected Output on test case:

{
   0:[
      [
         (0,
         [
            ('approach',
            {
               'nanotechnology':1000000,
               'simplest':1000000,
               'controlled':230.43457971255884,
               'molecular':165.50026894962087,
               'structural':180.50815083141464,
               'products':1000000,
               'manufacturing':70.86206292283866
            }            ),
            ('business',
            {
               'nanotechnology':1000000,
               'simplest':1000000,
               'controlled':304.89174027476577,
               'molecular':1000000,
               'structural':304.89174027476577,
               'products':40.68599690709933,
               'manufacturing':54.94892989871419
            }            ),
            ('cost',
            {
               'nanotechnology':1000000,
               'simplest':1000000,
               'controlled':282.1428244899944,
               'molecular':1000000,
               'structural':282.1428244899944,
               'products':51.29869536181716,
               'manufacturing':71.32754841477612
            }            ),
            ('extra',
            {
               'nanotechnology':1000000,
               'simplest':1000000,
               'controlled':1000000,
               'molecular':1000000,
               'structural':1000000,
               'products':1000000,
               'manufacturing':94.70008287793891
            }            ),
            ('factor',
            {
               'nanotechnology':1000000,
               'simplest':1000000,
               'controlled':268.4544206378623,
               'molecular':240.3972514221747,
               'structural':223.56949706284007,
               'products':48.80989466142951,
               'manufacturing':76.35846275371136
            }            )
         ]         ),
         (1,
         [
            ('area',
            {
               'nanotechnology':241.2888320561397,
               'simplest':1000000,
               'controlled':292.43192803005394,
               'molecular':251.56787317644543,
               'structural':238.6228089830103,
               'products':51.83616429251438,
               'manufacturing':67.98011675013377
            }            ),
            ('design',
            {
               'nanotechnology':309.1554043884516,
               'simplest':1000000,
               'controlled':275.07531476561854,
               'molecular':309.1554043884516,
               'structural':212.57093880906854,
               'products':51.0420214644972,
               'manufacturing':80.33174171426185
            }            ),
            ('industry',
            {
               'nanotechnology':249.16010576710966,
               'simplest':1000000,
               'controlled':328.72748807474085,
               'molecular':307.22534552731366,
               'structural':275.844438825152,
               'products':40.49201290518943,
               'manufacturing':38.84221957556797
            }            ),
            ('product',
            {
               'nanotechnology':338.4813535579887,
               'simplest':1000000,
               'controlled':278.1172078426846,
               'molecular':288.55492467684445,
               'structural':256.61506529525735,
               'products':37.826807105337856,
               'manufacturing':76.59398333744566
            }            ),
            ('software',
            {
               'nanotechnology':310.4076372341734,
               'simplest':1000000,
               'controlled':276.3275476113404,
               'molecular':250.04349151886936,
               'structural':267.40335213931894,
               'products':50.24137229297098,
               'manufacturing':83.34783050628978
            }            ),
            ('technology',
            {
               'nanotechnology':183.62810527379784,
               'simplest':1000000,
               'controlled':233.71737460457766,
               'molecular':205.62135624865704,
               'structural':244.31879120870786,
               'products':48.995397338094456,
               'manufacturing':70.07956719529163
            }            )
         ]         ),
         (2,
         [
            ('field',
            {
               'nanotechnology':195.5631253124954,
               'simplest':1000000,
               'controlled':305.40734638915785,
               'molecular':188.7310281334731,
               'structural':222.45248908665963,
               'products':50.36055637371653,
               'manufacturing':59.12645618928467
            }            )
         ]         )
      ],
      [
         (0,
         [
            ('business',
            {
               'safety':156.57161922283655,
               'gov':81.36084176402342,
               'products':25.891088940881396,
               'pre':91.40026313534261,
               'cement':136.24625416182656,
               'cast':126.66201028387687,
               'phases':1000000,
               'topics':1000000,
               'health':107.11088791826602,
               'portland':183.93798246501663,
               'osha':183.93798246501663
            }            ),
            ('manufacture',
            {
               'safety':156.44068798366897,
               'gov':122.53803415056603,
               'products':20.980207840072506,
               'pre':103.31377796938798,
               'cement':136.4710200822934,
               'cast':141.56073642065394,
               'phases':1000000,
               'topics':1000000,
               'health':141.56073642065394,
               'portland':183.80705122584905,
               'osha':175.80290308695447
            }            ),
            ('material',
            {
               'safety':158.63160779488211,
               'gov':108.10023014533894,
               'products':31.8832409651405,
               'pre':97.1956423883713,
               'cement':108.34168719570414,
               'cast':114.42425544701574,
               'phases':1000000,
               'topics':208.0923390994527,
               'health':165.8460242942575,
               'portland':165.8460242942575,
               'osha':1000000
            }            ),
            ('production',
            {
               'safety':119.52891313905913,
               'gov':103.26628301342258,
               'products':24.220380865481673,
               'pre':83.26500684905398,
               'cement':129.25072313656284,
               'cast':108.17084617466823,
               'phases':1000000,
               'topics':1000000,
               'health':141.2162428990438,
               'portland':176.58675428011856,
               'osha':1000000
            }            ),
            ('sector',
            {
               'safety':139.3601944983441,
               'gov':63.49367737382047,
               'products':28.113358519725313,
               'pre':118.18563793879986,
               'cement':108.20577644621933,
               'cast':126.45125557265315,
               'phases':1000000,
               'topics':1000000,
               'health':62.50213420678384,
               'portland':203.677164860654,
               'osha':1000000
            }            )
         ]         ),
         (1,
         [
            ('index',
            {
               'safety':134.36401194821926,
               'gov':94.91210672474256,
               'products':1000000,
               'pre':84.24299640743979,
               'cement':1000000,
               'cast':1000000,
               'phases':1000000,
               'topics':1000000,
               'health':101.31861522384366,
               'portland':1000000,
               'osha':1000000
            }            )
         ]         ),
         (2,
         [
            ('area',
            {
               'safety':114.59888137364891,
               'gov':79.0115278725716,
               'products':32.98665000432734,
               'pre':93.92226307864556,
               'cement':132.89933077389995,
               'cast':125.01410262275994,
               'phases':225.8685570823844,
               'topics':212.18537546129434,
               'health':87.08353132413988,
               'portland':166.24338157985008,
               'osha':182.49389756241504
            }            ),
            ('factor',
            {
               'safety':120.53868296307466,
               'gov':77.28086247037079,
               'products':31.060842057273323,
               'pre':72.96249736120305,
               'cement':123.28859118795921,
               'cast':150.13950325936742,
               'phases':232.44316122348394,
               'topics':218.75997960239388,
               'health':96.19170673973846,
               'portland':254.1304909834686,
               'osha':226.7641277412885
            }            ),
            ('information',
            {
               'safety':132.6297515671211,
               'gov':91.5682020710723,
               'products':30.047189115479807,
               'pre':85.12263998408325,
               'cement':125.92765713047784,
               'cast':124.83673547576117,
               'phases':236.00056289728838,
               'topics':186.9468698951236,
               'health':115.44391103350094,
               'portland':236.00056289728838,
               'osha':222.31738127619832
            }            ),
            ('issue',
            {
               'safety':97.15378582864591,
               'gov':69.63879453926147,
               'products':30.43393459453728,
               'pre':76.46915086753674,
               'cement':117.9860023398525,
               'cast':144.08693241168774,
               'phases':216.0247251157621,
               'topics':211.61972452448686,
               'health':81.77390323189881,
               'portland':221.70375859795755,
               'osha':196.05505721438652
            }            ),
            ('issues',
            {
               'safety':1000000,
               'gov':1000000,
               'products':1000000,
               'pre':1000000,
               'cement':1000000,
               'cast':1000000,
               'phases':1000000,
               'topics':1000000,
               'health':78.00015198339997,
               'portland':1000000,
               'osha':1000000
            }            ),
            ('topic',
            {
               'safety':101.6879745013117,
               'gov':76.87221405521292,
               'products':32.13641130348922,
               'pre':77.29919832061552,
               'cement':127.85386608109441,
               'cast':136.91218070462236,
               'phases':186.2173504613308,
               'topics':184.75441030808528,
               'health':86.72551609014238,
               'portland':209.48477596037054,
               'osha':186.2173504613308
            }            )
         ]         )
      ],
      [
         (0,
         [
            ('cleaners',
            {
               'pumps':1000000,
               'california':1000000,
               'pentair':1000000,
               'heaters':1000000,
               'welcome':1000000,
               'filters':1000000,
               'pool':1000000,
               'products':1000000
            }            ),
            ('item',
            {
               'pumps':283.70901950243274,
               'california':261.69761212047257,
               'pentair':340.1521436894291,
               'heaters':340.1521436894291,
               'welcome':272.7033158114526,
               'filters':264.8946447734339,
               'pool':185.24173771481395,
               'products':41.32107187553386
            }            ),
            ('sanitizers',
            {
               'pumps':1000000,
               'california':1000000,
               'pentair':1000000,
               'heaters':1000000,
               'welcome':1000000,
               'filters':1000000,
               'pool':118.94312418699646,
               'products':1000000
            }            )
         ]         ),
         (1,
         [
            ('area',
            {
               'pumps':1000000,
               'california':155.4343475250737,
               'pentair':1000000,
               'heaters':1000000,
               'welcome':1000000,
               'filters':1000000,
               'pool':173.15319805362708,
               'products':45.35664375595009
            }            ),
            ('business',
            {
               'pumps':296.600351160399,
               'california':208.1645169122229,
               'pentair':1000000,
               'heaters':266.78027274042006,
               'welcome':266.78027274042006,
               'filters':1000000,
               'pool':206.15297420151032,
               'products':35.60024729371192
            }            ),
            ('equipment',
            {
               'pumps':200.80424807233328,
               'california':241.63003018329226,
               'pentair':1000000,
               'heaters':260.44440491229113,
               'welcome':1000000,
               'filters':1000000,
               'pool':181.98987334333447,
               'products':39.41068720750725
            }            ),
            ('manufacturer',
            {
               'pumps':216.01474096465853,
               'california':216.01474096465853,
               'pentair':268.8333684655496,
               'heaters':1000000,
               'welcome':1000000,
               'filters':268.8333684655496,
               'pool':177.43349359686488,
               'products':28.43174256812741
            }            )
         ]         ),
         (2,
         [
            ('component',
            {
               'pumps':221.2129812493691,
               'california':1000000,
               'pentair':1000000,
               'heaters':274.03160875026015,
               'welcome':1000000,
               'filters':236.4028592922625,
               'pool':198.7741098342649,
               'products':43.64133745061235
            }            )
         ]         )
      ],
      [
         (0,
         [
            ('area',
            {
               'products':36.28531500476007,
               'infoworld':1000000,
               'domestic':161.24076363448899,
               'systems':151.98446650490814,
               'india':134.0653262941115,
               'cisco':149.00518200569596,
               'south':97.66647497117074,
               'chennai':233.40391300742374,
               'manufacturing':47.586081725093656,
               'news':170.64028775225844
            }            ),
            ('business',
            {
               'products':28.480197834969534,
               'infoworld':1000000,
               'domestic':177.07428179552298,
               'systems':133.68618056301295,
               'india':152.77047692689354,
               'cisco':150.26214645360702,
               'south':149.48653814469466,
               'chennai':222.22878114512014,
               'manufacturing':38.46425092909994,
               'news':131.9197824459258
            }            ),
            ('facility',
            {
               'products':1000000,
               'infoworld':1000000,
               'domestic':187.08613316707832,
               'systems':182.2406325166755,
               'india':176.54346490133366,
               'cisco':193.33306999749334,
               'south':149.58000682790833,
               'chennai':208.3845697806924,
               'manufacturing':50.53381322689625,
               'news':153.251452685835
            }            ),
            ('factor',
            {
               'products':34.166926263000654,
               'infoworld':1000000,
               'domestic':152.2164069079089,
               'systems':192.13413873150543,
               'india':192.52540560710324,
               'cisco':279.5435400818155,
               'south':192.13413873150543,
               'chennai':279.5435400818155,
               'manufacturing':53.45092392759797,
               'news':194.16503127691865
            }            ),
            ('market',
            {
               'products':30.806480385060592,
               'infoworld':1000000,
               'domestic':156.94176845700326,
               'systems':159.8413658058876,
               'india':74.78456250126126,
               'cisco':125.68257894824823,
               'south':95.82220452157073,
               'chennai':197.2507671561976,
               'manufacturing':50.00887784956306,
               'news':112.47668333168774
            }            )
         ]         ),
         (1,
         [
            ('article',
            {
               'products':30.375328245714805,
               'infoworld':1000000,
               'domestic':197.16730491782954,
               'systems':182.11580513463048,
               'india':154.9124029171167,
               'cisco':197.16730491782954,
               'south':173.3112421818464,
               'chennai':1000000,
               'manufacturing':57.77041406061548,
               'news':109.37356213420497
            }            ),
            ('information',
            {
               'products':33.051908027027785,
               'infoworld':1000000,
               'domestic':189.70361875341527,
               'systems':166.13903320046836,
               'india':194.5491194038181,
               'cisco':198.07817311810348,
               'south':200.7960562342331,
               'chennai':1000000,
               'manufacturing':57.52749490410166,
               'news':121.27997683139719
            }            ),
            ('manufacture',
            {
               'products':23.07822862407976,
               'infoworld':1000000,
               'domestic':148.2286940460527,
               'systems':119.52713065966678,
               'india':148.2286940460527,
               'cisco':118.35307586719064,
               'south':143.3831933956499,
               'chennai':1000000,
               'manufacturing':48.293784854840695,
               'news':202.18775634843396
            }            ),
            ('topic',
            {
               'products':35.35005243383814,
               'infoworld':1000000,
               'domestic':148.384350688491,
               'systems':145.2686846504745,
               'india':163.06675279056006,
               'cisco':218.28135112209287,
               'south':176.47419125402635,
               'chennai':1000000,
               'manufacturing':54.94852016787329,
               'news':163.06675279056006
            }            )
         ]         ),
         (2,
         [
            ('service',
            {
               'products':34.272395113892536,
               'infoworld':1000000,
               'domestic':150.12946515803637,
               'systems':155.13926463080054,
               'india':164.01265402502477,
               'cisco':186.66203277517192,
               'south':195.1751185449198,
               'chennai':1000000,
               'manufacturing':50.49334621723226,
               'news':136.25505146823204
            }            )
         ]         )
      ]
   ],
   1:[

   ],
   2:[

   ],
   3:[
      [
         (0,
         [
            ('business',
            {
               'manufacturers':372.7722031254309,
               'china':273.600635055619,
               'suppliers':517.9432034048027,
               'products':71.20049458742383
            }            ),
            ('datum',
            {
               'manufacturers':504.5845991059355,
               'china':369.55140012662685,
               'suppliers':532.3156928079802,
               'products':88.42156266293742
            }            ),
            ('stakeholder',
            {
               'manufacturers':420.3044185283913,
               'china':290.6145070696192,
               'suppliers':420.3044185283913,
               'products':90.10216680807028
            }            ),
            ('supplier',
            {
               'manufacturers':323.6675259573714,
               'china':212.6293038974643,
               'suppliers':378.58411268615424,
               'products':53.98773608440659
            }            )
         ]         ),
         (1,
         [
            ('exporter',
            {
               'manufacturers':1000000,
               'china':127.31783024632082,
               'suppliers':1000000,
               'products':64.77348312931292
            }            ),
            ('factor',
            {
               'manufacturers':623.6013512885434,
               'china':306.8654818964716,
               'suppliers':551.8474428225785,
               'products':85.41731565750165
            }            ),
            ('information',
            {
               'manufacturers':561.6302974255407,
               'china':332.3243667570349,
               'suppliers':551.7326416695875,
               'products':82.62977006756947
            }            )
         ]         ),
         (2,
         [
            ('directory',
            {
               'manufacturers':361.4770149406076,
               'china':266.0705095990702,
               'suppliers':1000000,
               'products':1000000
            }            ),
            ('manufacture',
            {
               'manufacturers':543.0981403290825,
               'china':269.23681419381865,
               'suppliers':1000000,
               'products':57.69557156019939
            }            ),
            ('manufacturer',
            {
               'manufacturers':537.6667369310992,
               'china':268.5127207834308,
               'suppliers':1000000,
               'products':56.86348513625482
            }            )
         ]         )
      ],
      [
         (0,
         [
            ('activity',
            {
               'electronics':247.5143980111469,
               'manufacturing':64.05481486139047,
               'management':141.81889533654243,
               'data':167.51721241237584,
               'procurement':216.75824734306465,
               'power':185.0143980111469,
               'homepage':327.4364980706987,
               'products':45.26944845486219
            }            ),
            ('area',
            {
               'electronics':190.14072167892272,
               'manufacturing':59.48260215636707,
               'management':117.69403438712959,
               'data':158.2098558120042,
               'procurement':192.48790958163409,
               'power':173.67353485263527,
               'homepage':299.56356229729846,
               'products':45.35664375595009
            }            ),
            ('business',
            {
               'electronics':200.88291884525808,
               'manufacturing':48.08031366137492,
               'management':106.9611473622396,
               'data':143.26795490745917,
               'procurement':186.85817268086834,
               'power':167.33873480126394,
               'homepage':296.600351160399,
               'products':35.60024729371192
            }            ),
            ('essentials',
            {
               'electronics':1000000,
               'manufacturing':1000000,
               'management':1000000,
               'data':1000000,
               'procurement':1000000,
               'power':1000000,
               'homepage':1000000,
               'products':1000000
            }            ),
            ('field',
            {
               'electronics':148.62973488486054,
               'manufacturing':51.735649165624096,
               'management':126.12651716118913,
               'data':155.87171717473382,
               'procurement':286.04580281951195,
               'power':163.6057157994436,
               'homepage':286.04580281951195,
               'products':44.06548682700196
            }            ),
            ('information',
            {
               'electronics':268.057649796775,
               'manufacturing':71.90936863012708,
               'management':166.7666198080487,
               'data':133.80374133081014,
               'procurement':252.86777175388158,
               'power':175.28890983760087,
               'homepage':275.8663208347937,
               'products':41.31488503378473
            }            ),
            ('item',
            {
               'electronics':163.93064771806237,
               'manufacturing':82.31401260826237,
               'management':188.69927656837868,
               'data':188.80189826006472,
               'procurement':253.8889410824538,
               'power':168.0053727074905,
               'homepage':321.3377689604303,
               'products':41.32107187553386
            }            ),
            ('service',
            {
               'electronics':239.94027385446734,
               'manufacturing':63.11668277154031,
               'management':114.45787665121436,
               'data':137.7398781685014,
               'procurement':213.08423605499706,
               'power':163.5934530511826,
               'homepage':261.7186892039748,
               'products':42.840493892365664
            }            )
         ]         ),
         (1,
         [
            ('concept',
            {
               'electronics':292.4699214809868,
               'manufacturing':62.849185666962825,
               'management':123.78429620998565,
               'data':141.9549236489962,
               'procurement':254.84117202298916,
               'power':133.4656687090946,
               'homepage':1000000,
               'products':46.334758549634394
            }            ),
            ('factor',
            {
               'electronics':269.5073250427175,
               'manufacturing':66.81365490949746,
               'management':157.39083281819202,
               'data':183.3037128111998,
               'procurement':239.21517550458574,
               'power':158.08864515931973,
               'homepage':1000000,
               'products':42.70865782875082
            }            ),
            ('industry',
            {
               'electronics':117.57494305578957,
               'manufacturing':33.98694212862197,
               'management':151.00477832707293,
               'data':169.38063939724324,
               'procurement':257.81647364541936,
               'power':126.08053055680766,
               'homepage':1000000,
               'products':35.430511292040755
            }            ),
            ('issue',
            {
               'electronics':269.57570366978143,
               'manufacturing':69.97851560994123,
               'management':122.32408759521132,
               'data':144.55103905643605,
               'procurement':206.106193283641,
               'power':146.04601405695146,
               'homepage':1000000,
               'products':41.84666006748876
            }            ),
            ('production',
            {
               'electronics':186.36366294816645,
               'manufacturing':48.02343744887077,
               'management':146.30253436327072,
               'data':171.17378490527307,
               'procurement':223.99241240616414,
               'power':162.8846870756111,
               'homepage':1000000,
               'products':33.3030236900373
            }            ),
            ('sector',
            {
               'electronics':133.40904078023433,
               'manufacturing':34.11801768409122,
               'management':140.81318264504463,
               'data':201.6015701144426,
               'procurement':236.37047641239803,
               'power':125.50882360107347,
               'homepage':1000000,
               'products':38.6558679646223
            }            )
         ]         ),
         (2,
         [
            ('magazine',
            {
               'electronics':177.88317784075156,
               'manufacturing':1000000,
               'management':218.7089599517105,
               'data':212.652084138707,
               'procurement':1000000,
               'power':170.07450680273277,
               'homepage':1000000,
               'products':46.60685625631057
            }            )
         ]         )
      ],
      [
         (0,
         [
            ('cost',
            {
               'save':284.5037208867427,
               'manufacturing':62.41160486292912,
               'dfma':1000000,
               'true':1000000,
               'paper':165.5605966997463,
               'china':160.54539707716106,
               'products':44.88635844159002,
               'overseas':231.68509338585173
            }            ),
            ('costs',
            {
               'save':1000000,
               'manufacturing':1000000,
               'dfma':1000000,
               'true':1000000,
               'paper':1000000,
               'china':1000000,
               'products':1000000,
               'overseas':1000000
            }            )
         ]         ),
         (1,
         [
            ('area',
            {
               'save':299.56356229729846,
               'manufacturing':59.48260215636707,
               'dfma':1000000,
               'true':257.75063848738745,
               'paper':209.1161853384097,
               'china':114.21756463328259,
               'products':45.35664375595009,
               'overseas':266.88364071727733
            }            ),
            ('business',
            {
               'save':258.97160170240136,
               'manufacturing':48.08031366137492,
               'dfma':1000000,
               'true':296.600351160399,
               'paper':163.8596235999562,
               'china':136.8003175278095,
               'products':35.60024729371192,
               'overseas':266.78027274042006
            }            ),
            ('design',
            {
               'save':270.5109788398952,
               'manufacturing':70.29027399997912,
               'dfma':1000000,
               'true':188.52636252391054,
               'paper':188.52636252391054,
               'china':157.67115071200197,
               'products':44.66176878143506,
               'overseas':270.5109788398952
            }            ),
            ('industry',
            {
               'save':287.6365520653983,
               'manufacturing':33.98694212862197,
               'dfma':1000000,
               'true':262.7653015233959,
               'paper':129.22026607612048,
               'china':142.7538989162788,
               'products':35.430511292040755,
               'overseas':276.6308483744182
            }            ),
            ('item',
            {
               'save':246.08027004443503,
               'manufacturing':82.31401260826237,
               'dfma':1000000,
               'true':272.7033158114526,
               'paper':125.70196340464688,
               'china':129.92299348888224,
               'products':41.32107187553386,
               'overseas':283.70901950243274
            }            ),
            ('product',
            {
               'save':234.3583958820816,
               'manufacturing':67.01973542026496,
               'dfma':1000000,
               'true':238.8928125788698,
               'paper':138.9912059118155,
               'china':140.51316635774455,
               'products':33.09845621717063,
               'overseas':290.11430855023656
            }            )
         ]         ),
         (2,
         [
            ('manufacture',
            {
               'save':1000000,
               'manufacturing':60.367231068550865,
               'dfma':1000000,
               'true':233.92032070654363,
               'paper':172.81259537599067,
               'china':134.61840709690932,
               'products':28.847785780099695,
               'overseas':233.92032070654363
            }            )
         ]         )
      ],
      [
         (0,
         [
            ('area',
            {
               'gaskets':1000000,
               'machining':255.87793702629727,
               'stamping':310.5692659882785,
               'cnc':285.6980154462762,
               'fasteners':1000000,
               'drawings':1000000,
               'products':45.35664375595009,
               'cad':179.84008113854821
            }            ),
            ('business',
            {
               'gaskets':1000000,
               'machining':296.600351160399,
               'stamping':296.600351160399,
               'cnc':1000000,
               'fasteners':1000000,
               'drawings':1000000,
               'products':35.60024729371192,
               'cad':189.877215154278
            }            ),
            ('metal',
            {
               'gaskets':1000000,
               'machining':242.33005150840623,
               'stamping':242.33005150840623,
               'cnc':276.3343042802985,
               'fasteners':295.1486790092973,
               'drawings':1000000,
               'products':44.82076833823992,
               'cad':111.8057235187532
            }            ),
            ('part',
            {
               'gaskets':297.47546355661063,
               'machining':248.8410104076329,
               'stamping':234.97546355661063,
               'cnc':253.78983828560945,
               'fasteners':297.47546355661063,
               'drawings':1000000,
               'products':46.1436069610199,
               'cad':181.77181676166842
            }            ),
            ('process',
            {
               'gaskets':1000000,
               'machining':161.9882769780195,
               'stamping':215.48270880904914,
               'cnc':200.98589152650655,
               'fasteners':1000000,
               'drawings':1000000,
               'products':39.47786681439926,
               'cad':205.01451585318895
            }            )
         ]         ),
         (1,
         [
            ('component',
            {
               'gaskets':1000000,
               'machining':249.1603582082578,
               'stamping':292.84598347925896,
               'cnc':255.21723402126133,
               'fasteners':274.03160875026015,
               'drawings':292.84598347925896,
               'products':43.64133745061235,
               'cad':206.58278087228362
            }            )
         ]         ),
         (2,
         [
            ('database',
            {
               'gaskets':1000000,
               'machining':1000000,
               'stamping':1000000,
               'cnc':1000000,
               'fasteners':1000000,
               'drawings':1000000,
               'products':38.230868542738186,
               'cad':121.83394273688393
            }            ),
            ('information',
            {
               'gaskets':1000000,
               'machining':280.81514871277034,
               'stamping':1000000,
               'cnc':1000000,
               'fasteners':324.50077398377147,
               'drawings':305.68639925477265,
               'products':41.31488503378473,
               'cad':188.67663220800435
            }            ),
            ('item',
            {
               'gaskets':340.1521436894291,
               'machining':310.3320652694503,
               'stamping':321.3377689604303,
               'cnc':340.1521436894291,
               'fasteners':275.06510086704014,
               'drawings':283.70901950243274,
               'products':41.32107187553386,
               'cad':201.55939717606003
            }            ),
            ('product',
            {
               'gaskets':271.2999338212377,
               'machining':227.6143085502366,
               'stamping':227.07679781511675,
               'cnc':215.54402115308275,
               'fasteners':280.9813063203467,
               'drawings':333.7999338212377,
               'products':33.09845621717063,
               'cad':185.95693476555653
            }            ),
            ('services',
            {
               'gaskets':1000000,
               'machining':1000000,
               'stamping':1000000,
               'cnc':1000000,
               'fasteners':1000000,
               'drawings':1000000,
               'products':1000000,
               'cad':1000000
            }            )
         ]         )
      ],
      [
         (0,
         [
            ('business',
            {
               'recycled':1000000,
               'buy':157.91753508746896,
               'percentage':246.9208679390224,
               'organizations':224.81308967946475,
               'manufactured':1000000,
               'gov':99.44102882269529,
               'wrr':1000000,
               'products':31.644664261077253,
               'epa':127.43439905789411
            }            )
         ]         ),
         (1,
         [
            ('factor',
            {
               'recycled':245.2655301433682,
               'buy':187.70462206846398,
               'percentage':177.77420525182944,
               'organizations':250.6494197549269,
               'manufactured':277.1561561282415,
               'gov':94.45438746378652,
               'wrr':1000000,
               'products':37.963251403334056,
               'epa':145.7661704162118
            }            ),
            ('term',
            {
               'recycled':247.1533561197379,
               'buy':168.08414090102636,
               'percentage':198.5388414868657,
               'organizations':263.8772447677369,
               'manufactured':263.8772447677369,
               'gov':96.66338220066766,
               'wrr':1000000,
               'products':38.855559786134535,
               'epa':138.3177232130105
            }            )
         ]         ),
         (2,
         [
            ('content',
            {
               'recycled':221.46741141474826,
               'buy':182.63574450719167,
               'percentage':1000000,
               'organizations':1000000,
               'manufactured':1000000,
               'gov':99.45864480746248,
               'wrr':1000000,
               'products':40.26680207540876,
               'epa':157.79363165484617
            }            ),
            ('item',
            {
               'recycled':205.23590400137036,
               'buy':212.17694492405369,
               'percentage':222.83725193732664,
               'organizations':1000000,
               'manufactured':233.99918764736628,
               'gov':131.28915584223796,
               'wrr':1000000,
               'products':36.72984166714121,
               'epa':145.89961105772687
            }            ),
            ('manufacture',
            {
               'recycled':207.92917396137213,
               'buy':241.37695125737002,
               'percentage':1000000,
               'organizations':1000000,
               'manufactured':179.49120946254578,
               'gov':149.76870840624736,
               'wrr':1000000,
               'products':25.642476248977502,
               'epa':214.87021488405546
            }            )
         ]         )
      ],
      [
         (0,
         [
            ('item',
            {
               'spindle':330.4427536926003,
               'multi':266.0011913934977,
               'clients':413.7760870259337,
               'precision':358.0255219460524,
               'products':55.0947625007118,
               'manufacturing':109.75201681101652
            }            ),
            ('machine',
            {
               'spindle':206.36795140874858,
               'multi':204.55801393431224,
               'clients':338.95666866095684,
               'precision':212.41384033779957,
               'products':54.399375291088184,
               'manufacturing':86.47881984700439
            }            ),
            ('product',
            {
               'spindle':301.37692262825124,
               'multi':227.33459036833904,
               'clients':394.8949124843201,
               'precision':273.65784081694426,
               'products':44.13127495622749,
               'manufacturing':89.35964722701996
            }            ),
            ('services',
            {
               'spindle':1000000,
               'multi':1000000,
               'clients':1000000,
               'precision':1000000,
               'products':1000000,
               'manufacturing':1000000
            }            )
         ]         ),
         (1,
         [
            ('area',
            {
               'spindle':1000000,
               'multi':240.22903542814225,
               'clients':439.17818762303637,
               'precision':322.6831869003666,
               'products':60.47552500793344,
               'manufacturing':79.31013620848942
            }            ),
            ('company',
            {
               'spindle':439.2891548846454,
               'multi':239.89774211300664,
               'clients':374.4432173526751,
               'precision':301.5214454033667,
               'products':41.45720816019658,
               'manufacturing':80.3127393584483
            }            ),
            ('factor',
            {
               'spindle':355.72095890853245,
               'multi':237.41097699225918,
               'clients':361.29985804441685,
               'precision':324.3250664416908,
               'products':56.94487710500109,
               'manufacturing':89.08487321266327
            }            ),
            ('information',
            {
               'spindle':382.49603270103177,
               'multi':258.2158915481757,
               'clients':357.41019972903325,
               'precision':332.32436675703485,
               'products':55.08651337837963,
               'manufacturing':95.87915817350276
            }            )
         ]         ),
         (2,
         [
            ('business',
            {
               'spindle':395.467134880532,
               'multi':234.25893061023473,
               'clients':1000000,
               'precision':308.68441111734654,
               'products':47.466996391615886,
               'manufacturing':64.10708488183323
            }            ),
            ('production',
            {
               'spindle':298.65654987488546,
               'multi':233.81061234291516,
               'clients':1000000,
               'precision':265.494882485549,
               'products':44.40403158671639,
               'manufacturing':64.0312499318277
            }            )
         ]         )
      ]
   ]
}
"""

